D:\CALC\CPP\41\CALULATOR\CALULATOR\DEBUG\CALULATOR.EXE.EMBED.MANIFEST
D:\CALC\CPP\41\CALULATOR\CALULATOR\DEBUG\CALULATOR.EXE.EMBED.MANIFEST.RES
D:\CALC\CPP\41\CALULATOR\CALULATOR\DEBUG\CALULATOR.EXE.INTERMEDIATE.MANIFEST
D:\CALC\CPP\41\CALULATOR\CALULATOR\DEBUG\MAIN.OBJ
D:\CALC\CPP\41\CALULATOR\CALULATOR\DEBUG\NODE.OBJ
D:\CALC\CPP\41\CALULATOR\CALULATOR\DEBUG\PARSER.OBJ
D:\CALC\CPP\41\CALULATOR\CALULATOR\DEBUG\SCANNER.OBJ
D:\CALC\CPP\41\CALULATOR\CALULATOR\DEBUG\VC100.PDB
D:\CALC\CPP\41\CALULATOR\DEBUG\CALULATOR.EXE
D:\CALC\CPP\41\CALULATOR\DEBUG\CALULATOR.ILK
D:\CALC\CPP\41\CALULATOR\DEBUG\CALULATOR.PDB
D:\CALC\CPP\42\CALULATOR\CALULATOR\DEBUG\CALULATOR.EXE.EMBED.MANIFEST.RES
D:\CALC\CPP\42\CALULATOR\CALULATOR\DEBUG\CALULATOR.EXE.INTERMEDIATE.MANIFEST
D:\CALC\CPP\42\CALULATOR\CALULATOR\DEBUG\MAIN.OBJ
D:\CALC\CPP\42\CALULATOR\CALULATOR\DEBUG\NODE.OBJ
D:\CALC\CPP\42\CALULATOR\CALULATOR\DEBUG\PARSER.OBJ
D:\CALC\CPP\42\CALULATOR\CALULATOR\DEBUG\SCANNER.OBJ
D:\CALC\CPP\42\CALULATOR\CALULATOR\DEBUG\VC100.PDB
D:\CALC\CPP\42\CALULATOR\DEBUG\CALULATOR.EXE
D:\CALC\CPP\42\CALULATOR\DEBUG\CALULATOR.ILK
D:\CALC\CPP\42\CALULATOR\DEBUG\CALULATOR.PDB
D:\CALC\CPP\45\CALULATOR\CALULATOR\DEBUG\CALULATOR.EXE.EMBED.MANIFEST.RES
D:\CALC\CPP\45\CALULATOR\CALULATOR\DEBUG\CALULATOR.EXE.INTERMEDIATE.MANIFEST
D:\CALC\CPP\45\CALULATOR\CALULATOR\DEBUG\MAIN.OBJ
D:\CALC\CPP\45\CALULATOR\CALULATOR\DEBUG\NODE.OBJ
D:\CALC\CPP\45\CALULATOR\CALULATOR\DEBUG\PARSER.OBJ
D:\CALC\CPP\45\CALULATOR\CALULATOR\DEBUG\SCANNER.OBJ
D:\CALC\CPP\45\CALULATOR\CALULATOR\DEBUG\SYMBOLTABLE.OBJ
D:\CALC\CPP\45\CALULATOR\CALULATOR\DEBUG\VC100.PDB
D:\CALC\CPP\45\CALULATOR\DEBUG\CALULATOR.EXE
D:\CALC\CPP\45\CALULATOR\DEBUG\CALULATOR.ILK
D:\CALC\CPP\45\CALULATOR\DEBUG\CALULATOR.PDB
D:\CALC\CPP\46\CALULATOR\CALULATOR\DEBUG\CALULATOR.EXE.EMBED.MANIFEST.RES
D:\CALC\CPP\46\CALULATOR\CALULATOR\DEBUG\CALULATOR.EXE.INTERMEDIATE.MANIFEST
D:\CALC\CPP\46\CALULATOR\CALULATOR\DEBUG\MAIN.OBJ
D:\CALC\CPP\46\CALULATOR\CALULATOR\DEBUG\NODE.OBJ
D:\CALC\CPP\46\CALULATOR\CALULATOR\DEBUG\PARSER.OBJ
D:\CALC\CPP\46\CALULATOR\CALULATOR\DEBUG\SCANNER.OBJ
D:\CALC\CPP\46\CALULATOR\CALULATOR\DEBUG\STORAGE.OBJ
D:\CALC\CPP\46\CALULATOR\CALULATOR\DEBUG\SYMBOLTABLE.OBJ
D:\CALC\CPP\46\CALULATOR\CALULATOR\DEBUG\VC100.PDB
D:\CALC\CPP\46\CALULATOR\DEBUG\CALULATOR.EXE
D:\CALC\CPP\46\CALULATOR\DEBUG\CALULATOR.ILK
D:\CALC\CPP\46\CALULATOR\DEBUG\CALULATOR.PDB
D:\CALC\CPP\47\CALULATOR\CALULATOR\DEBUG\CALC.OBJ
D:\CALC\CPP\47\CALULATOR\CALULATOR\DEBUG\CALULATOR.EXE.EMBED.MANIFEST.RES
D:\CALC\CPP\47\CALULATOR\CALULATOR\DEBUG\CALULATOR.EXE.INTERMEDIATE.MANIFEST
D:\CALC\CPP\47\CALULATOR\CALULATOR\DEBUG\MAIN.OBJ
D:\CALC\CPP\47\CALULATOR\CALULATOR\DEBUG\NODE.OBJ
D:\CALC\CPP\47\CALULATOR\CALULATOR\DEBUG\PARSER.OBJ
D:\CALC\CPP\47\CALULATOR\CALULATOR\DEBUG\SCANNER.OBJ
D:\CALC\CPP\47\CALULATOR\CALULATOR\DEBUG\STORAGE.OBJ
D:\CALC\CPP\47\CALULATOR\CALULATOR\DEBUG\SYMBOLTABLE.OBJ
D:\CALC\CPP\47\CALULATOR\CALULATOR\DEBUG\VC100.PDB
D:\CALC\CPP\47\CALULATOR\DEBUG\CALULATOR.EXE
D:\CALC\CPP\47\CALULATOR\DEBUG\CALULATOR.ILK
D:\CALC\CPP\47\CALULATOR\DEBUG\CALULATOR.PDB
D:\CALC\CPP\48\CALULATOR\CALULATOR\DEBUG\CALC.OBJ
D:\CALC\CPP\48\CALULATOR\CALULATOR\DEBUG\CALULATOR.EXE.EMBED.MANIFEST.RES
D:\CALC\CPP\48\CALULATOR\CALULATOR\DEBUG\CALULATOR.EXE.INTERMEDIATE.MANIFEST
D:\CALC\CPP\48\CALULATOR\CALULATOR\DEBUG\MAIN.OBJ
D:\CALC\CPP\48\CALULATOR\CALULATOR\DEBUG\NODE.OBJ
D:\CALC\CPP\48\CALULATOR\CALULATOR\DEBUG\PARSER.OBJ
D:\CALC\CPP\48\CALULATOR\CALULATOR\DEBUG\SCANNER.OBJ
D:\CALC\CPP\48\CALULATOR\CALULATOR\DEBUG\STORAGE.OBJ
D:\CALC\CPP\48\CALULATOR\CALULATOR\DEBUG\SYMBOLTABLE.OBJ
D:\CALC\CPP\48\CALULATOR\CALULATOR\DEBUG\VC100.PDB
D:\CALC\CPP\48\CALULATOR\DEBUG\CALULATOR.EXE
D:\CALC\CPP\48\CALULATOR\DEBUG\CALULATOR.ILK
D:\CALC\CPP\48\CALULATOR\DEBUG\CALULATOR.PDB
D:\CALC\CPP\49\CALULATOR\CALULATOR\DEBUG\CALC.OBJ
D:\CALC\CPP\49\CALULATOR\CALULATOR\DEBUG\CALULATOR.EXE.EMBED.MANIFEST.RES
D:\CALC\CPP\49\CALULATOR\CALULATOR\DEBUG\CALULATOR.EXE.INTERMEDIATE.MANIFEST
D:\CALC\CPP\49\CALULATOR\CALULATOR\DEBUG\FUNCTIONTABLE.OBJ
D:\CALC\CPP\49\CALULATOR\CALULATOR\DEBUG\MAIN.OBJ
D:\CALC\CPP\49\CALULATOR\CALULATOR\DEBUG\NODE.OBJ
D:\CALC\CPP\49\CALULATOR\CALULATOR\DEBUG\PARSER.OBJ
D:\CALC\CPP\49\CALULATOR\CALULATOR\DEBUG\SCANNER.OBJ
D:\CALC\CPP\49\CALULATOR\CALULATOR\DEBUG\STORAGE.OBJ
D:\CALC\CPP\49\CALULATOR\CALULATOR\DEBUG\SYMBOLTABLE.OBJ
D:\CALC\CPP\49\CALULATOR\CALULATOR\DEBUG\VC100.PDB
D:\CALC\CPP\49\CALULATOR\DEBUG\CALULATOR.EXE
D:\CALC\CPP\49\CALULATOR\DEBUG\CALULATOR.ILK
D:\CALC\CPP\49\CALULATOR\DEBUG\CALULATOR.PDB
D:\CALC\CPP\53CPP\CALULATOR\CALULATOR\DEBUG\CALC.OBJ
D:\CALC\CPP\53CPP\CALULATOR\CALULATOR\DEBUG\CALULATOR.EXE.EMBED.MANIFEST.RES
D:\CALC\CPP\53CPP\CALULATOR\CALULATOR\DEBUG\CALULATOR.EXE.INTERMEDIATE.MANIFEST
D:\CALC\CPP\53CPP\CALULATOR\CALULATOR\DEBUG\EXCEPTION.OBJ
D:\CALC\CPP\53CPP\CALULATOR\CALULATOR\DEBUG\FUNCTIONTABLE.OBJ
D:\CALC\CPP\53CPP\CALULATOR\CALULATOR\DEBUG\MAIN.OBJ
D:\CALC\CPP\53CPP\CALULATOR\CALULATOR\DEBUG\NODE.OBJ
D:\CALC\CPP\53CPP\CALULATOR\CALULATOR\DEBUG\PARSER.OBJ
D:\CALC\CPP\53CPP\CALULATOR\CALULATOR\DEBUG\SCANNER.OBJ
D:\CALC\CPP\53CPP\CALULATOR\CALULATOR\DEBUG\STORAGE.OBJ
D:\CALC\CPP\53CPP\CALULATOR\CALULATOR\DEBUG\SYMBOLTABLE.OBJ
D:\CALC\CPP\53CPP\CALULATOR\CALULATOR\DEBUG\VC100.PDB
D:\CALC\CPP\53CPP\CALULATOR\DEBUG\CALULATOR.EXE
D:\CALC\CPP\53CPP\CALULATOR\DEBUG\CALULATOR.ILK
D:\CALC\CPP\53CPP\CALULATOR\DEBUG\CALULATOR.PDB
D:\CALC\CPP\54CPP\CALULATOR\CALULATOR\DEBUG\CALC.OBJ
D:\CALC\CPP\54CPP\CALULATOR\CALULATOR\DEBUG\CALULATOR.EXE.EMBED.MANIFEST.RES
D:\CALC\CPP\54CPP\CALULATOR\CALULATOR\DEBUG\CALULATOR.EXE.INTERMEDIATE.MANIFEST
D:\CALC\CPP\54CPP\CALULATOR\CALULATOR\DEBUG\EXCEPTION.OBJ
D:\CALC\CPP\54CPP\CALULATOR\CALULATOR\DEBUG\FUNCTIONTABLE.OBJ
D:\CALC\CPP\54CPP\CALULATOR\CALULATOR\DEBUG\MAIN.OBJ
D:\CALC\CPP\54CPP\CALULATOR\CALULATOR\DEBUG\NODE.OBJ
D:\CALC\CPP\54CPP\CALULATOR\CALULATOR\DEBUG\PARSER.OBJ
D:\CALC\CPP\54CPP\CALULATOR\CALULATOR\DEBUG\SCANNER.OBJ
D:\CALC\CPP\54CPP\CALULATOR\CALULATOR\DEBUG\STORAGE.OBJ
D:\CALC\CPP\54CPP\CALULATOR\CALULATOR\DEBUG\SYMBOLTABLE.OBJ
D:\CALC\CPP\54CPP\CALULATOR\CALULATOR\DEBUG\VC100.PDB
D:\CALC\CPP\54CPP\CALULATOR\DEBUG\CALULATOR.EXE
D:\CALC\CPP\54CPP\CALULATOR\DEBUG\CALULATOR.ILK
D:\CALC\CPP\54CPP\CALULATOR\DEBUG\CALULATOR.PDB
D:\CALC\CPP\55CPP\CALULATOR\CALULATOR\DEBUG\CALC.OBJ
D:\Calc\Cpp\55cpp\Calulator\Calulator\Debug\Calulator.exe.embed.manifest
D:\CALC\CPP\55CPP\CALULATOR\CALULATOR\DEBUG\CALULATOR.EXE.EMBED.MANIFEST.RES
D:\CALC\CPP\55CPP\CALULATOR\CALULATOR\DEBUG\CALULATOR.EXE.INTERMEDIATE.MANIFEST
D:\Calc\Cpp\55cpp\Calulator\Calulator\Debug\Calulator_manifest.rc
D:\Calc\Cpp\55cpp\Calulator\Calulator\Debug\cl.command.1.tlog
D:\Calc\Cpp\55cpp\Calulator\Calulator\Debug\CL.read.1.tlog
D:\Calc\Cpp\55cpp\Calulator\Calulator\Debug\CL.write.1.tlog
D:\CALC\CPP\55CPP\CALULATOR\CALULATOR\DEBUG\EXCEPTION.OBJ
D:\CALC\CPP\55CPP\CALULATOR\CALULATOR\DEBUG\FUNCTIONTABLE.OBJ
D:\Calc\Cpp\55cpp\Calulator\Calulator\Debug\link.1056.read.1.tlog
D:\Calc\Cpp\55cpp\Calulator\Calulator\Debug\link.1056.write.1.tlog
D:\Calc\Cpp\55cpp\Calulator\Calulator\Debug\link.1056-cvtres.read.1.tlog
D:\Calc\Cpp\55cpp\Calulator\Calulator\Debug\link.1056-cvtres.write.1.tlog
D:\Calc\Cpp\55cpp\Calulator\Calulator\Debug\link.2324.read.1.tlog
D:\Calc\Cpp\55cpp\Calulator\Calulator\Debug\link.2324.write.1.tlog
D:\Calc\Cpp\55cpp\Calulator\Calulator\Debug\link.2324-cvtres.read.1.tlog
D:\Calc\Cpp\55cpp\Calulator\Calulator\Debug\link.2324-cvtres.write.1.tlog
D:\Calc\Cpp\55cpp\Calulator\Calulator\Debug\link.2828.read.1.tlog
D:\Calc\Cpp\55cpp\Calulator\Calulator\Debug\link.2828.write.1.tlog
D:\Calc\Cpp\55cpp\Calulator\Calulator\Debug\link.2828-cvtres.read.1.tlog
D:\Calc\Cpp\55cpp\Calulator\Calulator\Debug\link.2828-cvtres.write.1.tlog
D:\Calc\Cpp\55cpp\Calulator\Calulator\Debug\link.2832.read.1.tlog
D:\Calc\Cpp\55cpp\Calulator\Calulator\Debug\link.2832.write.1.tlog
D:\Calc\Cpp\55cpp\Calulator\Calulator\Debug\link.2832-cvtres.read.1.tlog
D:\Calc\Cpp\55cpp\Calulator\Calulator\Debug\link.2832-cvtres.write.1.tlog
D:\Calc\Cpp\55cpp\Calulator\Calulator\Debug\link.3224.read.1.tlog
D:\Calc\Cpp\55cpp\Calulator\Calulator\Debug\link.3224.write.1.tlog
D:\Calc\Cpp\55cpp\Calulator\Calulator\Debug\link.3224-cvtres.read.1.tlog
D:\Calc\Cpp\55cpp\Calulator\Calulator\Debug\link.3224-cvtres.write.1.tlog
D:\Calc\Cpp\55cpp\Calulator\Calulator\Debug\link.3280.read.1.tlog
D:\Calc\Cpp\55cpp\Calulator\Calulator\Debug\link.3280.write.1.tlog
D:\Calc\Cpp\55cpp\Calulator\Calulator\Debug\link.3280-cvtres.read.1.tlog
D:\Calc\Cpp\55cpp\Calulator\Calulator\Debug\link.3280-cvtres.write.1.tlog
D:\Calc\Cpp\55cpp\Calulator\Calulator\Debug\link.3328.read.1.tlog
D:\Calc\Cpp\55cpp\Calulator\Calulator\Debug\link.3328.write.1.tlog
D:\Calc\Cpp\55cpp\Calulator\Calulator\Debug\link.3328-cvtres.read.1.tlog
D:\Calc\Cpp\55cpp\Calulator\Calulator\Debug\link.3328-cvtres.write.1.tlog
D:\Calc\Cpp\55cpp\Calulator\Calulator\Debug\link.3344.read.1.tlog
D:\Calc\Cpp\55cpp\Calulator\Calulator\Debug\link.3344.write.1.tlog
D:\Calc\Cpp\55cpp\Calulator\Calulator\Debug\link.3344-cvtres.read.1.tlog
D:\Calc\Cpp\55cpp\Calulator\Calulator\Debug\link.3344-cvtres.write.1.tlog
D:\Calc\Cpp\55cpp\Calulator\Calulator\Debug\link.3672.read.1.tlog
D:\Calc\Cpp\55cpp\Calulator\Calulator\Debug\link.3672.write.1.tlog
D:\Calc\Cpp\55cpp\Calulator\Calulator\Debug\link.3672-cvtres.read.1.tlog
D:\Calc\Cpp\55cpp\Calulator\Calulator\Debug\link.3672-cvtres.write.1.tlog
D:\Calc\Cpp\55cpp\Calulator\Calulator\Debug\link.3940.read.1.tlog
D:\Calc\Cpp\55cpp\Calulator\Calulator\Debug\link.3940.write.1.tlog
D:\Calc\Cpp\55cpp\Calulator\Calulator\Debug\link.3940-cvtres.read.1.tlog
D:\Calc\Cpp\55cpp\Calulator\Calulator\Debug\link.3940-cvtres.write.1.tlog
D:\Calc\Cpp\55cpp\Calulator\Calulator\Debug\link.5780.read.1.tlog
D:\Calc\Cpp\55cpp\Calulator\Calulator\Debug\link.5780.write.1.tlog
D:\Calc\Cpp\55cpp\Calulator\Calulator\Debug\link.5780-cvtres.read.1.tlog
D:\Calc\Cpp\55cpp\Calulator\Calulator\Debug\link.5780-cvtres.write.1.tlog
D:\Calc\Cpp\55cpp\Calulator\Calulator\Debug\link.5796.read.1.tlog
D:\Calc\Cpp\55cpp\Calulator\Calulator\Debug\link.5796.write.1.tlog
D:\Calc\Cpp\55cpp\Calulator\Calulator\Debug\link.5796-cvtres.read.1.tlog
D:\Calc\Cpp\55cpp\Calulator\Calulator\Debug\link.5796-cvtres.write.1.tlog
D:\Calc\Cpp\55cpp\Calulator\Calulator\Debug\link.836.read.1.tlog
D:\Calc\Cpp\55cpp\Calulator\Calulator\Debug\link.836.write.1.tlog
D:\Calc\Cpp\55cpp\Calulator\Calulator\Debug\link.836-cvtres.read.1.tlog
D:\Calc\Cpp\55cpp\Calulator\Calulator\Debug\link.836-cvtres.write.1.tlog
D:\Calc\Cpp\55cpp\Calulator\Calulator\Debug\link.command.1.tlog
D:\Calc\Cpp\55cpp\Calulator\Calulator\Debug\link.read.1.tlog
D:\Calc\Cpp\55cpp\Calulator\Calulator\Debug\link.write.1.tlog
D:\Calc\Cpp\55cpp\Calulator\Calulator\Debug\link-cvtres.read.1.tlog
D:\Calc\Cpp\55cpp\Calulator\Calulator\Debug\link-cvtres.write.1.tlog
D:\CALC\CPP\55CPP\CALULATOR\CALULATOR\DEBUG\MAIN.OBJ
D:\Calc\Cpp\55cpp\Calulator\Calulator\Debug\mt.command.1.tlog
D:\Calc\Cpp\55cpp\Calulator\Calulator\Debug\mt.read.1.tlog
D:\Calc\Cpp\55cpp\Calulator\Calulator\Debug\mt.write.1.tlog
D:\CALC\CPP\55CPP\CALULATOR\CALULATOR\DEBUG\NODE.OBJ
D:\CALC\CPP\55CPP\CALULATOR\CALULATOR\DEBUG\PARSER.OBJ
D:\Calc\Cpp\55cpp\Calulator\Calulator\Debug\rc.command.1.tlog
D:\Calc\Cpp\55cpp\Calulator\Calulator\Debug\rc.read.1.tlog
D:\Calc\Cpp\55cpp\Calulator\Calulator\Debug\rc.write.1.tlog
D:\CALC\CPP\55CPP\CALULATOR\CALULATOR\DEBUG\SCANNER.OBJ
D:\CALC\CPP\55CPP\CALULATOR\CALULATOR\DEBUG\STORAGE.OBJ
D:\CALC\CPP\55CPP\CALULATOR\CALULATOR\DEBUG\SYMBOLTABLE.OBJ
D:\CALC\CPP\55CPP\CALULATOR\CALULATOR\DEBUG\TRACER.OBJ
D:\Calc\Cpp\55cpp\Calulator\Calulator\Debug\vc100.idb
D:\CALC\CPP\55CPP\CALULATOR\CALULATOR\DEBUG\VC100.PDB
D:\CALC\CPP\55CPP\CALULATOR\DEBUG\CALULATOR.EXE
D:\CALC\CPP\55CPP\CALULATOR\DEBUG\CALULATOR.ILK
D:\CALC\CPP\55CPP\CALULATOR\DEBUG\CALULATOR.PDB
