Build started 2016/9/11 15:41:17.
Project "D:\Calc\Cpp\57cpp\Calulator\Calulator\Calulator.vcxproj" on node 2 (build target(s)).
InitializeBuildStatus:
  Touching "Debug\Calulator.unsuccessfulbuild".
ClCompile:
  C:\Program Files\Microsoft Visual Studio 10.0\VC\bin\CL.exe /c /ZI /nologo /W3 /WX- /Od /Oy- /D WIN32 /D _DEBUG /D _CONSOLE /D _UNICODE /D UNICODE /Gm /EHsc /RTC1 /MDd /GS /fp:precise /Zc:wchar_t /Zc:forScope /Fo"Debug\\" /Fd"Debug\vc100.pdb" /Gd /TP /analyze- /errorReport:prompt Parser.cpp
  Parser.cpp
d:\calc\cpp\57cpp\calulator\calulator\parser.cpp(51): warning C4291: 'void *operator new(size_t,const char *,const long)' : no matching operator delete found; memory will not be freed if initialization throws an exception
          d:\calc\cpp\57cpp\calulator\calulator\tracer.h(10) : see declaration of 'operator new'
d:\calc\cpp\57cpp\calulator\calulator\parser.cpp(68): warning C4291: 'void *operator new(size_t,const char *,const long)' : no matching operator delete found; memory will not be freed if initialization throws an exception
          d:\calc\cpp\57cpp\calulator\calulator\tracer.h(10) : see declaration of 'operator new'
d:\calc\cpp\57cpp\calulator\calulator\parser.cpp(101): warning C4291: 'void *operator new(size_t,const char *,const long)' : no matching operator delete found; memory will not be freed if initialization throws an exception
          d:\calc\cpp\57cpp\calulator\calulator\tracer.h(10) : see declaration of 'operator new'
d:\calc\cpp\57cpp\calulator\calulator\parser.cpp(122): warning C4291: 'void *operator new(size_t,const char *,const long)' : no matching operator delete found; memory will not be freed if initialization throws an exception
          d:\calc\cpp\57cpp\calulator\calulator\tracer.h(10) : see declaration of 'operator new'
d:\calc\cpp\57cpp\calulator\calulator\parser.cpp(157): warning C4291: 'void *operator new(size_t,const char *,const long)' : no matching operator delete found; memory will not be freed if initialization throws an exception
          d:\calc\cpp\57cpp\calulator\calulator\tracer.h(10) : see declaration of 'operator new'
d:\calc\cpp\57cpp\calulator\calulator\parser.cpp(164): warning C4996: 'sprintf': This function or variable may be unsafe. Consider using sprintf_s instead. To disable deprecation, use _CRT_SECURE_NO_WARNINGS. See online help for details.
          c:\program files\microsoft visual studio 10.0\vc\include\stdio.h(371) : see declaration of 'sprintf'
d:\calc\cpp\57cpp\calulator\calulator\parser.cpp(182): warning C4291: 'void *operator new(size_t,const char *,const long)' : no matching operator delete found; memory will not be freed if initialization throws an exception
          d:\calc\cpp\57cpp\calulator\calulator\tracer.h(10) : see declaration of 'operator new'
d:\calc\cpp\57cpp\calulator\calulator\parser.cpp(190): warning C4291: 'void *operator new(size_t,const char *,const long)' : no matching operator delete found; memory will not be freed if initialization throws an exception
          d:\calc\cpp\57cpp\calulator\calulator\tracer.h(10) : see declaration of 'operator new'
ManifestResourceCompile:
  All outputs are up-to-date.
Link:
  C:\Program Files\Microsoft Visual Studio 10.0\VC\bin\link.exe /ERRORREPORT:PROMPT /OUT:"D:\Calc\Cpp\57cpp\Calulator\Debug\Calulator.exe" /INCREMENTAL /NOLOGO kernel32.lib user32.lib gdi32.lib winspool.lib comdlg32.lib advapi32.lib shell32.lib ole32.lib oleaut32.lib uuid.lib odbc32.lib odbccp32.lib /MANIFEST /ManifestFile:"Debug\Calulator.exe.intermediate.manifest" /MANIFESTUAC:"level='asInvoker' uiAccess='false'" /DEBUG /PDB:"D:\Calc\Cpp\57cpp\Calulator\Debug\Calulator.pdb" /SUBSYSTEM:CONSOLE /TLBID:1 /DYNAMICBASE /NXCOMPAT /IMPLIB:"D:\Calc\Cpp\57cpp\Calulator\Debug\Calulator.lib" /MACHINE:X86 Debug\Calulator.exe.embed.manifest.res
  Debug\Calc.obj
  Debug\Exception.obj
  Debug\FunctionTable.obj
  Debug\main.obj
  Debug\Node.obj
  Debug\Parser.obj
  Debug\Scanner.obj
  Debug\STORAGE.obj
  Debug\SymbolTable.obj
  Debug\Tracer.obj
Manifest:
  C:\Program Files\Microsoft SDKs\Windows\v7.0A\bin\mt.exe /nologo /verbose /out:"Debug\Calulator.exe.embed.manifest" /manifest Debug\Calulator.exe.intermediate.manifest
  All outputs are up-to-date.
LinkEmbedManifest:
  All outputs are up-to-date.
  Calulator.vcxproj -> D:\Calc\Cpp\57cpp\Calulator\Debug\Calulator.exe
FinalizeBuildStatus:
  Deleting file "Debug\Calulator.unsuccessfulbuild".
  Touching "Debug\Calulator.lastbuildstate".
Done Building Project "D:\Calc\Cpp\57cpp\Calulator\Calulator\Calulator.vcxproj" (build target(s)).

Build succeeded.

Time Elapsed 00:00:03.79
