Build started 2016/9/3 12:20:07.
Project "D:\Calc\Cpp\54cpp\Calulator\Calulator\Calulator.vcxproj" on node 2 (build target(s)).
PrepareForBuild:
  Creating directory "D:\Calc\Cpp\54cpp\Calulator\Release\".
InitializeBuildStatus:
  Creating "Release\Calulator.unsuccessfulbuild" because "AlwaysCreate" was specified.
ClCompile:
  C:\Program Files\Microsoft Visual Studio 10.0\VC\bin\CL.exe /c /Zi /nologo /W3 /WX- /O2 /Oi /Oy- /GL /D WIN32 /D NDEBUG /D _CONSOLE /D _UNICODE /D UNICODE /Gm- /EHsc /MD /GS /Gy /fp:precise /Zc:wchar_t /Zc:forScope /Fo"Release\\" /Fd"Release\vc100.pdb" /Gd /TP /analyze- /errorReport:prompt Calc.cpp Exception.cpp FunctionTable.cpp main.cpp Node.cpp Parser.cpp Scanner.cpp STORAGE.cpp SymbolTable.cpp
  Calc.cpp
  Exception.cpp
  FunctionTable.cpp
  main.cpp
  Node.cpp
  Parser.cpp
Parser.cpp(162): warning C4996: 'sprintf': This function or variable may be unsafe. Consider using sprintf_s instead. To disable deprecation, use _CRT_SECURE_NO_WARNINGS. See online help for details.
          C:\Program Files\Microsoft Visual Studio 10.0\VC\include\stdio.h(371) : see declaration of 'sprintf'
  Scanner.cpp
  STORAGE.cpp
  SymbolTable.cpp
Link:
  C:\Program Files\Microsoft Visual Studio 10.0\VC\bin\link.exe /ERRORREPORT:PROMPT /OUT:"D:\Calc\Cpp\54cpp\Calulator\Release\Calulator.exe" /INCREMENTAL:NO /NOLOGO kernel32.lib user32.lib gdi32.lib winspool.lib comdlg32.lib advapi32.lib shell32.lib ole32.lib oleaut32.lib uuid.lib odbc32.lib odbccp32.lib /MANIFEST /ManifestFile:"Release\Calulator.exe.intermediate.manifest" /MANIFESTUAC:"level='asInvoker' uiAccess='false'" /DEBUG /PDB:"D:\Calc\Cpp\54cpp\Calulator\Release\Calulator.pdb" /SUBSYSTEM:CONSOLE /OPT:REF /OPT:ICF /LTCG /TLBID:1 /DYNAMICBASE /NXCOMPAT /IMPLIB:"D:\Calc\Cpp\54cpp\Calulator\Release\Calulator.lib" /MACHINE:X86 Release\Calc.obj
  Release\Exception.obj
  Release\FunctionTable.obj
  Release\main.obj
  Release\Node.obj
  Release\Parser.obj
  Release\Scanner.obj
  Release\STORAGE.obj
  Release\SymbolTable.obj
  Generating code
  Finished generating code
  Calulator.vcxproj -> D:\Calc\Cpp\54cpp\Calulator\Release\Calulator.exe
Manifest:
  C:\Program Files\Microsoft SDKs\Windows\v7.0A\bin\mt.exe /nologo /verbose /outputresource:"D:\Calc\Cpp\54cpp\Calulator\Release\Calulator.exe;#1" /manifest Release\Calulator.exe.intermediate.manifest
FinalizeBuildStatus:
  Deleting file "Release\Calulator.unsuccessfulbuild".
  Touching "Release\Calulator.lastbuildstate".
Done Building Project "D:\Calc\Cpp\54cpp\Calulator\Calulator\Calulator.vcxproj" (build target(s)).

Build succeeded.

Time Elapsed 00:00:03.28
